
  .   ____          _            __ _ _
 /\\ / ___'_ __ _ _(_)_ __  __ _ \ \ \ \
( ( )\___ | '_ | '_| | '_ \/ _` | \ \ \ \
 \\/  ___)| |_)| | | | | || (_| |  ) ) ) )
  '  |____| .__|_| |_|_| |_\__, | / / / /
 =========|_|==============|___/=/_/_/_/
 :: Spring Boot ::                (v3.2.5)

2026-03-07T13:48:49.810+09:00  INFO 63716 --- [           main] c.e.d.c.CoroutineAppApplicationKt        : Starting CoroutineAppApplicationKt v0.0.1-SNAPSHOT using Java 21.0.2 with PID 63716 (/Users/jeoung-gyu/Workspace/spring-laboratory/mvc/coroutine-app/build/libs/coroutine-app-0.0.1-SNAPSHOT.jar started by jeoung-gyu in /Users/jeoung-gyu/Workspace/spring-laboratory)
2026-03-07T13:48:49.812+09:00  INFO 63716 --- [           main] c.e.d.c.CoroutineAppApplicationKt        : No active profile set, falling back to 1 default profile: "default"
2026-03-07T13:48:50.521+09:00  INFO 63716 --- [           main] o.s.b.w.embedded.tomcat.TomcatWebServer  : Tomcat initialized with port 8082 (http)
2026-03-07T13:48:50.530+09:00  INFO 63716 --- [           main] o.apache.catalina.core.StandardService   : Starting service [Tomcat]
2026-03-07T13:48:50.530+09:00  INFO 63716 --- [           main] o.apache.catalina.core.StandardEngine    : Starting Servlet engine: [Apache Tomcat/10.1.20]
2026-03-07T13:48:50.548+09:00  INFO 63716 --- [           main] o.a.c.c.C.[Tomcat].[localhost].[/]       : Initializing Spring embedded WebApplicationContext
2026-03-07T13:48:50.549+09:00  INFO 63716 --- [           main] w.s.c.ServletWebServerApplicationContext : Root WebApplicationContext: initialization completed in 684 ms
2026-03-07T13:48:50.958+09:00  INFO 63716 --- [           main] o.s.b.w.embedded.tomcat.TomcatWebServer  : Tomcat started on port 8082 (http) with context path ''
2026-03-07T13:48:50.969+09:00  INFO 63716 --- [           main] c.e.d.c.CoroutineAppApplicationKt        : Started CoroutineAppApplicationKt in 1.459 seconds (process running for 1.75)
2026-03-07T13:48:51.276+09:00  INFO 63716 --- [nio-8082-exec-2] o.a.c.c.C.[Tomcat].[localhost].[/]       : Initializing Spring DispatcherServlet 'dispatcherServlet'
2026-03-07T13:48:51.277+09:00  INFO 63716 --- [nio-8082-exec-2] o.s.web.servlet.DispatcherServlet        : Initializing Servlet 'dispatcherServlet'
2026-03-07T13:48:51.277+09:00  INFO 63716 --- [nio-8082-exec-2] o.s.web.servlet.DispatcherServlet        : Completed initialization in 0 ms
2026-03-07T13:49:17.252+09:00 ERROR 63716 --- [atcher-worker-1] i.n.r.d.DnsServerAddressStreamProviders  : Unable to load io.netty.resolver.dns.macos.MacOSDnsServerAddressStreamProvider, fallback to system defaults. This may result in incorrect DNS resolutions on MacOS. Check whether you have a dependency on 'io.netty:netty-resolver-dns-native-macos'. Use DEBUG level to see the full stack: java.lang.UnsatisfiedLinkError: failed to load the required native library
2026-03-07T13:50:39.355+09:00  WARN 63716 --- [io-8082-exec-28] .w.s.m.s.DefaultHandlerExceptionResolver : Resolved [org.springframework.web.context.request.async.AsyncRequestNotUsableException: ServletOutputStream failed to flush: java.nio.channels.ClosedChannelException]
2026-03-07T13:50:39.355+09:00  WARN 63716 --- [io-8082-exec-24] .w.s.m.s.DefaultHandlerExceptionResolver : Resolved [org.springframework.web.context.request.async.AsyncRequestNotUsableException: ServletOutputStream failed to flush: java.nio.channels.ClosedChannelException]
2026-03-07T13:50:39.355+09:00  WARN 63716 --- [io-8082-exec-33] .w.s.m.s.DefaultHandlerExceptionResolver : Resolved [org.springframework.web.context.request.async.AsyncRequestNotUsableException: ServletOutputStream failed to flush: java.nio.channels.ClosedChannelException]
2026-03-07T13:50:39.355+09:00  WARN 63716 --- [io-8082-exec-35] .w.s.m.s.DefaultHandlerExceptionResolver : Resolved [org.springframework.web.context.request.async.AsyncRequestNotUsableException: ServletOutputStream failed to flush: java.nio.channels.ClosedChannelException]
2026-03-07T13:50:39.355+09:00  WARN 63716 --- [io-8082-exec-29] .w.s.m.s.DefaultHandlerExceptionResolver : Resolved [org.springframework.web.context.request.async.AsyncRequestNotUsableException: ServletOutputStream failed to flush: java.nio.channels.ClosedChannelException]
2026-03-07T13:50:39.355+09:00  WARN 63716 --- [io-8082-exec-46] .w.s.m.s.DefaultHandlerExceptionResolver : Resolved [org.springframework.web.context.request.async.AsyncRequestNotUsableException: ServletOutputStream failed to flush: java.nio.channels.ClosedChannelException]
2026-03-07T13:50:39.355+09:00  WARN 63716 --- [io-8082-exec-48] .w.s.m.s.DefaultHandlerExceptionResolver : Resolved [org.springframework.web.context.request.async.AsyncRequestNotUsableException: ServletOutputStream failed to flush: java.nio.channels.ClosedChannelException]
2026-03-07T13:50:39.355+09:00  WARN 63716 --- [io-8082-exec-45] .w.s.m.s.DefaultHandlerExceptionResolver : Resolved [org.springframework.web.context.request.async.AsyncRequestNotUsableException: ServletOutputStream failed to flush: java.nio.channels.ClosedChannelException]
2026-03-07T13:50:39.355+09:00  WARN 63716 --- [nio-8082-exec-2] .w.s.m.s.DefaultHandlerExceptionResolver : Resolved [org.springframework.web.context.request.async.AsyncRequestNotUsableException: ServletOutputStream failed to flush: java.nio.channels.ClosedChannelException]
2026-03-07T13:50:39.355+09:00  WARN 63716 --- [nio-8082-exec-7] .w.s.m.s.DefaultHandlerExceptionResolver : Resolved [org.springframework.web.context.request.async.AsyncRequestNotUsableException: ServletOutputStream failed to flush: java.nio.channels.ClosedChannelException]
2026-03-07T13:50:39.355+09:00  WARN 63716 --- [io-8082-exec-32] .w.s.m.s.DefaultHandlerExceptionResolver : Resolved [org.springframework.web.context.request.async.AsyncRequestNotUsableException: ServletOutputStream failed to flush: java.nio.channels.ClosedChannelException]
2026-03-07T13:50:39.355+09:00  WARN 63716 --- [io-8082-exec-13] .w.s.m.s.DefaultHandlerExceptionResolver : Resolved [org.springframework.web.context.request.async.AsyncRequestNotUsableException: ServletOutputStream failed to flush: java.nio.channels.ClosedChannelException]
2026-03-07T13:50:39.356+09:00  WARN 63716 --- [io-8082-exec-40] .w.s.m.s.DefaultHandlerExceptionResolver : Resolved [org.springframework.web.context.request.async.AsyncRequestNotUsableException: ServletOutputStream failed to flush: java.nio.channels.ClosedChannelException]
2026-03-07T13:50:39.356+09:00  WARN 63716 --- [io-8082-exec-38] .w.s.m.s.DefaultHandlerExceptionResolver : Resolved [org.springframework.web.context.request.async.AsyncRequestNotUsableException: ServletOutputStream failed to flush: java.nio.channels.ClosedChannelException]
2026-03-07T13:50:39.356+09:00  WARN 63716 --- [io-8082-exec-47] .w.s.m.s.DefaultHandlerExceptionResolver : Resolved [org.springframework.web.context.request.async.AsyncRequestNotUsableException: ServletOutputStream failed to flush: java.nio.channels.ClosedChannelException]
2026-03-07T13:50:39.356+09:00  WARN 63716 --- [io-8082-exec-10] .w.s.m.s.DefaultHandlerExceptionResolver : Resolved [org.springframework.web.context.request.async.AsyncRequestNotUsableException: ServletOutputStream failed to flush: java.nio.channels.ClosedChannelException]
2026-03-07T13:50:39.356+09:00  WARN 63716 --- [io-8082-exec-36] .w.s.m.s.DefaultHandlerExceptionResolver : Resolved [org.springframework.web.context.request.async.AsyncRequestNotUsableException: ServletOutputStream failed to flush: java.nio.channels.ClosedChannelException]
2026-03-07T13:50:39.356+09:00  WARN 63716 --- [io-8082-exec-37] .w.s.m.s.DefaultHandlerExceptionResolver : Resolved [org.springframework.web.context.request.async.AsyncRequestNotUsableException: ServletOutputStream failed to flush: java.nio.channels.ClosedChannelException]
2026-03-07T13:50:39.356+09:00  WARN 63716 --- [io-8082-exec-44] .w.s.m.s.DefaultHandlerExceptionResolver : Resolved [org.springframework.web.context.request.async.AsyncRequestNotUsableException: ServletOutputStream failed to flush: java.nio.channels.ClosedChannelException]
2026-03-07T13:50:39.355+09:00  WARN 63716 --- [nio-8082-exec-5] .w.s.m.s.DefaultHandlerExceptionResolver : Resolved [org.springframework.web.context.request.async.AsyncRequestNotUsableException: ServletOutputStream failed to flush: java.nio.channels.ClosedChannelException]
2026-03-07T13:50:39.356+09:00  WARN 63716 --- [nio-8082-exec-1] .w.s.m.s.DefaultHandlerExceptionResolver : Resolved [org.springframework.web.context.request.async.AsyncRequestNotUsableException: ServletOutputStream failed to flush: java.nio.channels.ClosedChannelException]
2026-03-07T13:50:39.356+09:00  WARN 63716 --- [io-8082-exec-20] .w.s.m.s.DefaultHandlerExceptionResolver : Resolved [org.springframework.web.context.request.async.AsyncRequestNotUsableException: ServletOutputStream failed to flush: java.nio.channels.ClosedChannelException]
2026-03-07T13:50:39.356+09:00  WARN 63716 --- [io-8082-exec-39] .w.s.m.s.DefaultHandlerExceptionResolver : Resolved [org.springframework.web.context.request.async.AsyncRequestNotUsableException: ServletOutputStream failed to flush: java.nio.channels.ClosedChannelException]
2026-03-07T13:50:39.357+09:00  WARN 63716 --- [io-8082-exec-23] .w.s.m.s.DefaultHandlerExceptionResolver : Resolved [org.springframework.web.context.request.async.AsyncRequestNotUsableException: ServletOutputStream failed to flush: java.nio.channels.ClosedChannelException]
2026-03-07T13:50:39.357+09:00  WARN 63716 --- [io-8082-exec-11] .w.s.m.s.DefaultHandlerExceptionResolver : Resolved [org.springframework.web.context.request.async.AsyncRequestNotUsableException: ServletOutputStream failed to flush: java.nio.channels.ClosedChannelException]
2026-03-07T13:50:39.355+09:00  WARN 63716 --- [nio-8082-exec-8] .w.s.m.s.DefaultHandlerExceptionResolver : Resolved [org.springframework.web.context.request.async.AsyncRequestNotUsableException: ServletOutputStream failed to flush: java.nio.channels.ClosedChannelException]
2026-03-07T13:50:39.357+09:00  WARN 63716 --- [io-8082-exec-19] .w.s.m.s.DefaultHandlerExceptionResolver : Resolved [org.springframework.web.context.request.async.AsyncRequestNotUsableException: ServletOutputStream failed to flush: java.nio.channels.ClosedChannelException]
2026-03-07T13:50:39.357+09:00  WARN 63716 --- [io-8082-exec-42] .w.s.m.s.DefaultHandlerExceptionResolver : Resolved [org.springframework.web.context.request.async.AsyncRequestNotUsableException: ServletOutputStream failed to flush: java.nio.channels.ClosedChannelException]
2026-03-07T13:50:39.357+09:00  WARN 63716 --- [io-8082-exec-12] .w.s.m.s.DefaultHandlerExceptionResolver : Resolved [org.springframework.web.context.request.async.AsyncRequestNotUsableException: ServletOutputStream failed to flush: java.nio.channels.ClosedChannelException]
2026-03-07T13:50:39.357+09:00  WARN 63716 --- [io-8082-exec-22] .w.s.m.s.DefaultHandlerExceptionResolver : Resolved [org.springframework.web.context.request.async.AsyncRequestNotUsableException: ServletOutputStream failed to flush: java.nio.channels.ClosedChannelException]
2026-03-07T13:50:39.357+09:00  WARN 63716 --- [nio-8082-exec-3] .w.s.m.s.DefaultHandlerExceptionResolver : Resolved [org.springframework.web.context.request.async.AsyncRequestNotUsableException: ServletOutputStream failed to flush: java.nio.channels.ClosedChannelException]
2026-03-07T13:50:39.357+09:00  WARN 63716 --- [io-8082-exec-25] .w.s.m.s.DefaultHandlerExceptionResolver : Resolved [org.springframework.web.context.request.async.AsyncRequestNotUsableException: ServletOutputStream failed to flush: java.nio.channels.ClosedChannelException]
2026-03-07T13:50:39.357+09:00  WARN 63716 --- [io-8082-exec-50] .w.s.m.s.DefaultHandlerExceptionResolver : Resolved [org.springframework.web.context.request.async.AsyncRequestNotUsableException: ServletOutputStream failed to flush: java.nio.channels.ClosedChannelException]
2026-03-07T13:50:39.357+09:00  WARN 63716 --- [io-8082-exec-43] .w.s.m.s.DefaultHandlerExceptionResolver : Resolved [org.springframework.web.context.request.async.AsyncRequestNotUsableException: ServletOutputStream failed to flush: java.nio.channels.ClosedChannelException]
2026-03-07T13:50:39.358+09:00  WARN 63716 --- [nio-8082-exec-9] .w.s.m.s.DefaultHandlerExceptionResolver : Resolved [org.springframework.web.context.request.async.AsyncRequestNotUsableException: ServletOutputStream failed to flush: java.nio.channels.ClosedChannelException]
2026-03-07T13:50:39.358+09:00  WARN 63716 --- [io-8082-exec-21] .w.s.m.s.DefaultHandlerExceptionResolver : Resolved [org.springframework.web.context.request.async.AsyncRequestNotUsableException: ServletOutputStream failed to flush: java.nio.channels.ClosedChannelException]
2026-03-07T13:50:39.358+09:00  WARN 63716 --- [io-8082-exec-30] .w.s.m.s.DefaultHandlerExceptionResolver : Resolved [org.springframework.web.context.request.async.AsyncRequestNotUsableException: ServletOutputStream failed to flush: java.nio.channels.ClosedChannelException]
2026-03-07T13:50:39.357+09:00  WARN 63716 --- [nio-8082-exec-4] .w.s.m.s.DefaultHandlerExceptionResolver : Resolved [org.springframework.web.context.request.async.AsyncRequestNotUsableException: ServletOutputStream failed to flush: java.nio.channels.ClosedChannelException]
2026-03-07T13:50:39.358+09:00  WARN 63716 --- [io-8082-exec-31] .w.s.m.s.DefaultHandlerExceptionResolver : Resolved [org.springframework.web.context.request.async.AsyncRequestNotUsableException: ServletOutputStream failed to flush: java.nio.channels.ClosedChannelException]
2026-03-07T13:50:39.358+09:00  WARN 63716 --- [io-8082-exec-27] .w.s.m.s.DefaultHandlerExceptionResolver : Resolved [org.springframework.web.context.request.async.AsyncRequestNotUsableException: ServletOutputStream failed to flush: java.nio.channels.ClosedChannelException]
2026-03-07T13:50:39.358+09:00  WARN 63716 --- [io-8082-exec-34] .w.s.m.s.DefaultHandlerExceptionResolver : Resolved [org.springframework.web.context.request.async.AsyncRequestNotUsableException: ServletOutputStream failed to flush: java.nio.channels.ClosedChannelException]
2026-03-07T13:50:39.359+09:00  WARN 63716 --- [io-8082-exec-26] .w.s.m.s.DefaultHandlerExceptionResolver : Resolved [org.springframework.web.context.request.async.AsyncRequestNotUsableException: ServletOutputStream failed to flush: java.nio.channels.ClosedChannelException]
2026-03-07T13:50:39.359+09:00  WARN 63716 --- [io-8082-exec-15] .w.s.m.s.DefaultHandlerExceptionResolver : Resolved [org.springframework.web.context.request.async.AsyncRequestNotUsableException: ServletOutputStream failed to flush: java.nio.channels.ClosedChannelException]
2026-03-07T13:50:39.359+09:00  WARN 63716 --- [io-8082-exec-14] .w.s.m.s.DefaultHandlerExceptionResolver : Resolved [org.springframework.web.context.request.async.AsyncRequestNotUsableException: ServletOutputStream failed to flush: java.nio.channels.ClosedChannelException]
2026-03-07T13:50:39.359+09:00  WARN 63716 --- [io-8082-exec-16] .w.s.m.s.DefaultHandlerExceptionResolver : Resolved [org.springframework.web.context.request.async.AsyncRequestNotUsableException: ServletOutputStream failed to flush: java.nio.channels.ClosedChannelException]
2026-03-07T13:50:39.360+09:00  WARN 63716 --- [io-8082-exec-17] .w.s.m.s.DefaultHandlerExceptionResolver : Resolved [org.springframework.web.context.request.async.AsyncRequestNotUsableException: ServletOutputStream failed to flush: java.nio.channels.ClosedChannelException]
2026-03-07T13:50:39.360+09:00  WARN 63716 --- [nio-8082-exec-6] .w.s.m.s.DefaultHandlerExceptionResolver : Resolved [org.springframework.web.context.request.async.AsyncRequestNotUsableException: ServletOutputStream failed to flush: java.nio.channels.ClosedChannelException]
2026-03-07T13:50:39.360+09:00  WARN 63716 --- [io-8082-exec-18] .w.s.m.s.DefaultHandlerExceptionResolver : Resolved [org.springframework.web.context.request.async.AsyncRequestNotUsableException: ServletOutputStream failed to flush: java.nio.channels.ClosedChannelException]
2026-03-07T13:50:39.361+09:00  WARN 63716 --- [io-8082-exec-41] .w.s.m.s.DefaultHandlerExceptionResolver : Resolved [org.springframework.web.context.request.async.AsyncRequestNotUsableException: ServletOutputStream failed to flush: java.nio.channels.ClosedChannelException]
2026-03-07T13:50:39.361+09:00  WARN 63716 --- [io-8082-exec-49] .w.s.m.s.DefaultHandlerExceptionResolver : Resolved [org.springframework.web.context.request.async.AsyncRequestNotUsableException: ServletOutputStream failed to flush: java.nio.channels.ClosedChannelException]
