
  .   ____          _            __ _ _
 /\\ / ___'_ __ _ _(_)_ __  __ _ \ \ \ \
( ( )\___ | '_ | '_| | '_ \/ _` | \ \ \ \
 \\/  ___)| |_)| | | | | || (_| |  ) ) ) )
  '  |____| .__|_| |_|_| |_\__, | / / / /
 =========|_|==============|___/=/_/_/_/
 :: Spring Boot ::                (v3.2.5)

2026-03-07T13:50:44.070+09:00  INFO 64046 --- [           main] c.e.d.c.CoroutineAppApplicationKt        : Starting CoroutineAppApplicationKt v0.0.1-SNAPSHOT using Java 21.0.2 with PID 64046 (/Users/jeoung-gyu/Workspace/spring-laboratory/mvc/coroutine-app/build/libs/coroutine-app-0.0.1-SNAPSHOT.jar started by jeoung-gyu in /Users/jeoung-gyu/Workspace/spring-laboratory)
2026-03-07T13:50:44.071+09:00  INFO 64046 --- [           main] c.e.d.c.CoroutineAppApplicationKt        : No active profile set, falling back to 1 default profile: "default"
2026-03-07T13:50:44.787+09:00  INFO 64046 --- [           main] o.s.b.w.embedded.tomcat.TomcatWebServer  : Tomcat initialized with port 8082 (http)
2026-03-07T13:50:44.796+09:00  INFO 64046 --- [           main] o.apache.catalina.core.StandardService   : Starting service [Tomcat]
2026-03-07T13:50:44.796+09:00  INFO 64046 --- [           main] o.apache.catalina.core.StandardEngine    : Starting Servlet engine: [Apache Tomcat/10.1.20]
2026-03-07T13:50:44.815+09:00  INFO 64046 --- [           main] o.a.c.c.C.[Tomcat].[localhost].[/]       : Initializing Spring embedded WebApplicationContext
2026-03-07T13:50:44.816+09:00  INFO 64046 --- [           main] w.s.c.ServletWebServerApplicationContext : Root WebApplicationContext: initialization completed in 683 ms
2026-03-07T13:50:45.221+09:00  INFO 64046 --- [           main] o.s.b.w.embedded.tomcat.TomcatWebServer  : Tomcat started on port 8082 (http) with context path ''
2026-03-07T13:50:45.231+09:00  INFO 64046 --- [           main] c.e.d.c.CoroutineAppApplicationKt        : Started CoroutineAppApplicationKt in 1.442 seconds (process running for 1.723)
2026-03-07T13:50:45.568+09:00  INFO 64046 --- [nio-8082-exec-1] o.a.c.c.C.[Tomcat].[localhost].[/]       : Initializing Spring DispatcherServlet 'dispatcherServlet'
2026-03-07T13:50:45.568+09:00  INFO 64046 --- [nio-8082-exec-1] o.s.web.servlet.DispatcherServlet        : Initializing Servlet 'dispatcherServlet'
2026-03-07T13:50:45.568+09:00  INFO 64046 --- [nio-8082-exec-1] o.s.web.servlet.DispatcherServlet        : Completed initialization in 0 ms
2026-03-07T13:51:11.554+09:00 ERROR 64046 --- [atcher-worker-4] i.n.r.d.DnsServerAddressStreamProviders  : Unable to load io.netty.resolver.dns.macos.MacOSDnsServerAddressStreamProvider, fallback to system defaults. This may result in incorrect DNS resolutions on MacOS. Check whether you have a dependency on 'io.netty:netty-resolver-dns-native-macos'. Use DEBUG level to see the full stack: java.lang.UnsatisfiedLinkError: failed to load the required native library
